<?xml version="1.0" encoding="UTF-8"?>
<robot generator="Robot 7.3.2 (Python 3.13.3 on win32)" generated="2025-09-04T18:37:14.943821" rpa="false" schemaversion="5">
<suite id="s1" name="Admin" source="C:\Users\vikky\OneDrive\Documents\Projects\FlexiSpot\tests\admin.robot">
<test id="s1-t1" name="Verify Admin Page Loads" line="9">
<kw name="Open Browser" owner="SeleniumLibrary">
<msg time="2025-09-04T18:37:15.592380" level="INFO">Opening browser 'chrome' to base url 'http://localhost:5173/admin'.</msg>
<arg>${BASE_URL}/admin</arg>
<arg>${BROWSER}</arg>
<doc>Opens a new browser instance to the optional ``url``.</doc>
<status status="PASS" start="2025-09-04T18:37:15.591765" elapsed="2.600602"/>
</kw>
<kw name="Maximize Browser Window" owner="SeleniumLibrary">
<doc>Maximizes current browser window.</doc>
<status status="PASS" start="2025-09-04T18:37:18.193769" elapsed="0.063151"/>
</kw>
<kw name="Wait Until Page Contains" owner="SeleniumLibrary">
<arg>Admin</arg>
<arg>10s</arg>
<doc>Waits until ``text`` appears on the current page.</doc>
<status status="PASS" start="2025-09-04T18:37:18.257687" elapsed="0.044791"/>
</kw>
<kw name="Capture Page Screenshot" owner="SeleniumLibrary">
<msg time="2025-09-04T18:37:18.614940" level="INFO" html="true">&lt;/td&gt;&lt;/tr&gt;&lt;tr&gt;&lt;td colspan="3"&gt;&lt;a href="selenium-screenshot-3.png"&gt;&lt;img src="selenium-screenshot-3.png" width="800px"&gt;&lt;/a&gt;</msg>
<doc>Takes a screenshot of the current page and embeds it into a log file.</doc>
<status status="PASS" start="2025-09-04T18:37:18.303319" elapsed="0.311807"/>
</kw>
<kw name="Close Browser" owner="SeleniumLibrary">
<doc>Closes the current browser.</doc>
<status status="PASS" start="2025-09-04T18:37:18.615657" elapsed="2.696411"/>
</kw>
<doc>Open the admin page and verify it contains "Admin"</doc>
<status status="PASS" start="2025-09-04T18:37:15.589136" elapsed="5.723528"/>
</test>
<test id="s1-t2" name="Verify Desk Availability Toggle" line="17">
<kw name="Open Browser" owner="SeleniumLibrary">
<msg time="2025-09-04T18:37:21.315269" level="INFO">Opening browser 'chrome' to base url 'http://localhost:5173/admin'.</msg>
<arg>${BASE_URL}/admin</arg>
<arg>${BROWSER}</arg>
<doc>Opens a new browser instance to the optional ``url``.</doc>
<status status="PASS" start="2025-09-04T18:37:21.314817" elapsed="2.492899"/>
</kw>
<kw name="Maximize Browser Window" owner="SeleniumLibrary">
<doc>Maximizes current browser window.</doc>
<status status="PASS" start="2025-09-04T18:37:23.809482" elapsed="0.092009"/>
</kw>
<kw name="Wait Until Page Contains" owner="SeleniumLibrary">
<arg>Admin</arg>
<arg>10s</arg>
<doc>Waits until ``text`` appears on the current page.</doc>
<status status="PASS" start="2025-09-04T18:37:23.902377" elapsed="0.053298"/>
</kw>
<kw name="Execute Javascript" owner="SeleniumLibrary">
<msg time="2025-09-04T18:37:23.958539" level="INFO">Executing JavaScript:
return (function(){ const nodes = Array.from(document.querySelectorAll('div')); const target = nodes.find(n =&gt; n.innerText &amp;&amp; n.innerText.trim().startsWith('D-1')); if(!target) return null; const btn = target.querySelector('button'); return btn ? btn.innerText.trim() : null; })();
Without any arguments.</msg>
<msg time="2025-09-04T18:37:24.035700" level="INFO">${before} = Disable</msg>
<var>${before}</var>
<arg>return (function(){ const nodes = Array.from(document.querySelectorAll('div')); const target = nodes.find(n =&gt; n.innerText &amp;&amp; n.innerText.trim().startsWith('D-1')); if(!target) return null; const btn = target.querySelector('button'); return btn ? btn.innerText.trim() : null; })();</arg>
<doc>Executes the given JavaScript code with possible arguments.</doc>
<status status="PASS" start="2025-09-04T18:37:23.957032" elapsed="0.078801"/>
</kw>
<kw name="Should Not Be Empty" owner="BuiltIn">
<msg time="2025-09-04T18:37:24.037035" level="INFO">Length is 7.</msg>
<arg>${before}</arg>
<doc>Verifies that the given item is not empty.</doc>
<status status="PASS" start="2025-09-04T18:37:24.036548" elapsed="0.000660"/>
</kw>
<kw name="Execute Javascript" owner="SeleniumLibrary">
<msg time="2025-09-04T18:37:24.039114" level="INFO">Executing JavaScript:
(function(){ const nodes = Array.from(document.querySelectorAll('div')); const target = nodes.find(n =&gt; n.innerText &amp;&amp; n.innerText.trim().startsWith('D-1')); if(!target) return false; const btn = target.querySelector('button'); if(!btn) return false; btn.click(); return true; })();
Without any arguments.</msg>
<arg>(function(){ const nodes = Array.from(document.querySelectorAll('div')); const target = nodes.find(n =&gt; n.innerText &amp;&amp; n.innerText.trim().startsWith('D-1')); if(!target) return false; const btn = target.querySelector('button'); if(!btn) return false; btn.click(); return true; })();</arg>
<doc>Executes the given JavaScript code with possible arguments.</doc>
<status status="PASS" start="2025-09-04T18:37:24.037872" elapsed="0.058917"/>
</kw>
<kw name="Sleep" owner="BuiltIn">
<msg time="2025-09-04T18:37:24.599007" level="INFO">Slept 500 milliseconds.</msg>
<arg>0.5s</arg>
<doc>Pauses the test executed for the given time.</doc>
<status status="PASS" start="2025-09-04T18:37:24.098072" elapsed="0.501129"/>
</kw>
<kw name="Execute Javascript" owner="SeleniumLibrary">
<msg time="2025-09-04T18:37:24.600029" level="INFO">Executing JavaScript:
return (function(){ const nodes = Array.from(document.querySelectorAll('div')); const target = nodes.find(n =&gt; n.innerText &amp;&amp; n.innerText.trim().startsWith('D-1')); if(!target) return null; const btn = target.querySelector('button'); return btn ? btn.innerText.trim() : null; })();
Without any arguments.</msg>
<msg time="2025-09-04T18:37:24.608801" level="INFO">${after} = Enable</msg>
<var>${after}</var>
<arg>return (function(){ const nodes = Array.from(document.querySelectorAll('div')); const target = nodes.find(n =&gt; n.innerText &amp;&amp; n.innerText.trim().startsWith('D-1')); if(!target) return null; const btn = target.querySelector('button'); return btn ? btn.innerText.trim() : null; })();</arg>
<doc>Executes the given JavaScript code with possible arguments.</doc>
<status status="PASS" start="2025-09-04T18:37:24.599569" elapsed="0.009306"/>
</kw>
<kw name="Should Not Be Empty" owner="BuiltIn">
<msg time="2025-09-04T18:37:24.609465" level="INFO">Length is 6.</msg>
<arg>${after}</arg>
<doc>Verifies that the given item is not empty.</doc>
<status status="PASS" start="2025-09-04T18:37:24.609277" elapsed="0.000242"/>
</kw>
<kw name="Should Not Be Equal" owner="BuiltIn">
<arg>${before}</arg>
<arg>${after}</arg>
<doc>Fails if the given objects are equal.</doc>
<status status="PASS" start="2025-09-04T18:37:24.609974" elapsed="0.000262"/>
</kw>
<kw name="Capture Page Screenshot" owner="SeleniumLibrary">
<msg time="2025-09-04T18:37:24.725844" level="INFO" html="true">&lt;/td&gt;&lt;/tr&gt;&lt;tr&gt;&lt;td colspan="3"&gt;&lt;a href="selenium-screenshot-4.png"&gt;&lt;img src="selenium-screenshot-4.png" width="800px"&gt;&lt;/a&gt;</msg>
<doc>Takes a screenshot of the current page and embeds it into a log file.</doc>
<status status="PASS" start="2025-09-04T18:37:24.610548" elapsed="0.115424"/>
</kw>
<kw name="Close Browser" owner="SeleniumLibrary">
<doc>Closes the current browser.</doc>
<status status="PASS" start="2025-09-04T18:37:24.726470" elapsed="2.434201"/>
</kw>
<doc>Verify toggling desk availability works correctly for desk labeled 'D-1' using JS click fallback</doc>
<status status="PASS" start="2025-09-04T18:37:21.313784" elapsed="5.847276"/>
</test>
<status status="PASS" start="2025-09-04T18:37:14.946485" elapsed="12.215768"/>
</suite>
<statistics>
<total>
<stat pass="2" fail="0" skip="0">All Tests</stat>
</total>
<tag>
</tag>
<suite>
<stat name="Admin" id="s1" pass="2" fail="0" skip="0">Admin</stat>
</suite>
</statistics>
<errors>
</errors>
</robot>
