<?xml version="1.0" encoding="UTF-8"?>
<robot generator="Robot 7.3.2 (Python 3.13.3 on win32)" generated="2025-09-03T21:46:47.728515" rpa="false" schemaversion="5">
<suite id="s1" name="Navigation" source="C:\Users\vikky\OneDrive\Documents\Projects\FlexiSpot\tests\navigation.robot">
<test id="s1-t1" name="Navigation Test" line="9">
<kw name="Open Browser" owner="SeleniumLibrary">
<msg time="2025-09-03T21:46:48.036191" level="INFO">Opening browser 'chrome' to base url 'http://localhost:5173'.</msg>
<arg>${BASE_URL}</arg>
<arg>${BROWSER}</arg>
<doc>Opens a new browser instance to the optional ``url``.</doc>
<status status="PASS" start="2025-09-03T21:46:48.035972" elapsed="1.413239"/>
</kw>
<kw name="Maximize Browser Window" owner="SeleniumLibrary">
<doc>Maximizes current browser window.</doc>
<status status="PASS" start="2025-09-03T21:46:49.449788" elapsed="0.033712"/>
</kw>
<kw name="Click Link" owner="SeleniumLibrary">
<msg time="2025-09-03T21:46:49.484285" level="INFO">Clicking link 'Booking'.</msg>
<arg>Booking</arg>
<doc>Clicks a link identified by ``locator``.</doc>
<status status="PASS" start="2025-09-03T21:46:49.483870" elapsed="0.119559"/>
</kw>
<kw name="Page Should Contain" owner="SeleniumLibrary">
<msg time="2025-09-03T21:46:49.623120" level="INFO">Current page contains text 'Seat Booking Engine'.</msg>
<arg>Seat Booking Engine</arg>
<doc>Verifies that current page contains ``text``.</doc>
<status status="PASS" start="2025-09-03T21:46:49.603941" elapsed="0.019260"/>
</kw>
<kw name="Click Link" owner="SeleniumLibrary">
<msg time="2025-09-03T21:46:49.623647" level="INFO">Clicking link 'Availability'.</msg>
<arg>Availability</arg>
<doc>Clicks a link identified by ``locator``.</doc>
<status status="PASS" start="2025-09-03T21:46:49.623471" elapsed="0.082758"/>
</kw>
<kw name="Page Should Contain" owner="SeleniumLibrary">
<msg time="2025-09-03T21:46:49.732035" level="INFO">Current page contains text 'View current availability'.</msg>
<arg>View current availability</arg>
<doc>Verifies that current page contains ``text``.</doc>
<status status="PASS" start="2025-09-03T21:46:49.706595" elapsed="0.025542"/>
</kw>
<kw name="Click Link" owner="SeleniumLibrary">
<msg time="2025-09-03T21:46:49.733736" level="INFO">Clicking link 'Admin'.</msg>
<arg>Admin</arg>
<doc>Clicks a link identified by ``locator``.</doc>
<status status="PASS" start="2025-09-03T21:46:49.732826" elapsed="0.100074"/>
</kw>
<kw name="Page Should Contain" owner="SeleniumLibrary">
<msg time="2025-09-03T21:46:49.849079" level="INFO">Current page contains text 'Admin'.</msg>
<arg>Admin</arg>
<doc>Verifies that current page contains ``text``.</doc>
<status status="PASS" start="2025-09-03T21:46:49.833288" elapsed="0.015885"/>
</kw>
<kw name="Close Browser" owner="SeleniumLibrary">
<doc>Closes the current browser.</doc>
<status status="PASS" start="2025-09-03T21:46:49.849553" elapsed="2.206014"/>
</kw>
<doc>Open site and navigate through main links verifying page content.</doc>
<status status="PASS" start="2025-09-03T21:46:48.035252" elapsed="4.021217"/>
</test>
<status status="PASS" start="2025-09-03T21:46:47.729824" elapsed="4.327919"/>
</suite>
<statistics>
<total>
<stat pass="1" fail="0" skip="0">All Tests</stat>
</total>
<tag>
</tag>
<suite>
<stat name="Navigation" id="s1" pass="1" fail="0" skip="0">Navigation</stat>
</suite>
</statistics>
<errors>
</errors>
</robot>
